<?xml version="1.0" encoding="UTF-8"?>
<testng-results skipped="0" failed="0" total="1" passed="1">
  <reporter-output>
    <line>
      <![CDATA[Login case:=Pass]]>
    </line>
  </reporter-output>
  <suite name="Default suite" duration-ms="36149" started-at="2020-06-04T21:59:15Z" finished-at="2020-06-04T21:59:51Z">
    <groups>
    </groups>
    <test name="Default test" duration-ms="36149" started-at="2020-06-04T21:59:15Z" finished-at="2020-06-04T21:59:51Z">
      <class name="com.TestScriptLayer.PomDataDrivenMultiData">
        <test-method status="PASS" signature="setUp()[pri:0, instance:com.TestScriptLayer.PomDataDrivenMultiData@66d33a]" name="setUp" is-config="true" duration-ms="8504" started-at="2020-06-05T03:29:15Z" finished-at="2020-06-05T03:29:23Z">
          <reporter-output>
            <line>
              <![CDATA[Login case:=Pass]]>
            </line>
          </reporter-output>
        </test-method> <!-- setUp -->
        <test-method status="PASS" signature="branchCreation()[pri:0, instance:com.TestScriptLayer.PomDataDrivenMultiData@66d33a]" name="branchCreation" duration-ms="27146" started-at="2020-06-05T03:29:23Z" description="Branch Creation Test" finished-at="2020-06-05T03:29:50Z">
          <reporter-output>
          </reporter-output>
        </test-method> <!-- branchCreation -->
        <test-method status="PASS" signature="tearDown()[pri:0, instance:com.TestScriptLayer.PomDataDrivenMultiData@66d33a]" name="tearDown" is-config="true" duration-ms="464" started-at="2020-06-05T03:29:50Z" finished-at="2020-06-05T03:29:51Z">
          <reporter-output>
          </reporter-output>
        </test-method> <!-- tearDown -->
      </class> <!-- com.TestScriptLayer.PomDataDrivenMultiData -->
    </test> <!-- Default test -->
  </suite> <!-- Default suite -->
</testng-results>
